API endpoint: http://localhost:8080
If you are using a library that supports the FIRESTORE_EMULATOR_HOST environment variable, run:

   export FIRESTORE_EMULATOR_HOST=localhost:8080

Dev App Server is now running.

Nov 08, 2020 12:16:43 PM io.gapi.emulators.netty.HttpVersionRoutingHandler channelRead
INFO: Detected non-HTTP/2 connection.
Nov 08, 2020 12:16:43 PM io.gapi.emulators.netty.HttpVersionRoutingHandler channelRead
INFO: Detected HTTP/2 connection.
Nov 08, 2020 12:16:44 PM com.google.cloud.datastore.emulator.impl.util.WrappedStreamObserver onError
INFO: operation failed: Error compiling rules:
L1:1 mismatched input '{' expecting {'function', 'import', 'service', 'rules_version'}
Nov 08, 2020 12:16:44 PM io.gapi.emulators.netty.HttpHandler$1 onError
INFO: Exception when handling request: INVALID_ARGUMENT: Error compiling rules:
L1:1 mismatched input '{' expecting {'function', 'import', 'service', 'rules_version'}
Nov 08, 2020 12:17:34 PM com.google.cloud.datastore.emulator.impl.util.WrappedStreamObserver onError
INFO: operation failed: Error compiling rules:
L1:1 mismatched input '{' expecting {'function', 'import', 'service', 'rules_version'}
Nov 08, 2020 12:17:34 PM io.gapi.emulators.netty.HttpHandler$1 onError
INFO: Exception when handling request: INVALID_ARGUMENT: Error compiling rules:
L1:1 mismatched input '{' expecting {'function', 'import', 'service', 'rules_version'}
Nov 08, 2020 12:17:36 PM com.google.cloud.datastore.emulator.impl.util.WrappedStreamObserver onError
INFO: operation failed: Error compiling rules:
L1:1 mismatched input '{' expecting {'function', 'import', 'service', 'rules_version'}
Nov 08, 2020 12:17:36 PM io.gapi.emulators.netty.HttpHandler$1 onError
INFO: Exception when handling request: INVALID_ARGUMENT: Error compiling rules:
L1:1 mismatched input '{' expecting {'function', 'import', 'service', 'rules_version'}
Nov 08, 2020 12:17:43 PM com.google.cloud.datastore.emulator.impl.util.WrappedStreamObserver onError
INFO: operation failed: Error compiling rules:
L1:1 mismatched input '{' expecting {'function', 'import', 'service', 'rules_version'}
Nov 08, 2020 12:17:43 PM io.gapi.emulators.netty.HttpHandler$1 onError
INFO: Exception when handling request: INVALID_ARGUMENT: Error compiling rules:
L1:1 mismatched input '{' expecting {'function', 'import', 'service', 'rules_version'}
Nov 08, 2020 12:17:46 PM com.google.cloud.datastore.emulator.impl.util.WrappedStreamObserver onError
INFO: operation failed: Error compiling rules:
L1:1 mismatched input '{' expecting {'function', 'import', 'service', 'rules_version'}
Nov 08, 2020 12:17:46 PM io.gapi.emulators.netty.HttpHandler$1 onError
INFO: Exception when handling request: INVALID_ARGUMENT: Error compiling rules:
L1:1 mismatched input '{' expecting {'function', 'import', 'service', 'rules_version'}
Nov 08, 2020 12:17:56 PM com.google.cloud.datastore.emulator.impl.util.WrappedStreamObserver onError
INFO: operation failed: Error compiling rules:
L1:1 mismatched input '{' expecting {'function', 'import', 'service', 'rules_version'}
Nov 08, 2020 12:17:56 PM io.gapi.emulators.netty.HttpHandler$1 onError
INFO: Exception when handling request: INVALID_ARGUMENT: Error compiling rules:
L1:1 mismatched input '{' expecting {'function', 'import', 'service', 'rules_version'}
Nov 08, 2020 12:18:06 PM com.google.cloud.datastore.emulator.impl.util.WrappedStreamObserver onError
INFO: operation failed: Error compiling rules:
L1:1 mismatched input '{' expecting {'function', 'import', 'service', 'rules_version'}
Nov 08, 2020 12:18:06 PM io.gapi.emulators.netty.HttpHandler$1 onError
INFO: Exception when handling request: INVALID_ARGUMENT: Error compiling rules:
L1:1 mismatched input '{' expecting {'function', 'import', 'service', 'rules_version'}
Nov 08, 2020 12:18:16 PM com.google.cloud.datastore.emulator.impl.util.WrappedStreamObserver onError
INFO: operation failed: Error compiling rules:
L1:1 mismatched input '{' expecting {'function', 'import', 'service', 'rules_version'}
Nov 08, 2020 12:18:16 PM io.gapi.emulators.netty.HttpHandler$1 onError
INFO: Exception when handling request: INVALID_ARGUMENT: Error compiling rules:
L1:1 mismatched input '{' expecting {'function', 'import', 'service', 'rules_version'}
Nov 08, 2020 12:18:26 PM com.google.cloud.datastore.emulator.impl.util.WrappedStreamObserver onError
INFO: operation failed: Error compiling rules:
L1:1 mismatched input '{' expecting {'function', 'import', 'service', 'rules_version'}
Nov 08, 2020 12:18:26 PM io.gapi.emulators.netty.HttpHandler$1 onError
INFO: Exception when handling request: INVALID_ARGUMENT: Error compiling rules:
L1:1 mismatched input '{' expecting {'function', 'import', 'service', 'rules_version'}
Nov 08, 2020 12:18:36 PM com.google.cloud.datastore.emulator.impl.util.WrappedStreamObserver onError
INFO: operation failed: Error compiling rules:
L1:1 mismatched input '{' expecting {'function', 'import', 'service', 'rules_version'}
Nov 08, 2020 12:18:36 PM io.gapi.emulators.netty.HttpHandler$1 onError
INFO: Exception when handling request: INVALID_ARGUMENT: Error compiling rules:
L1:1 mismatched input '{' expecting {'function', 'import', 'service', 'rules_version'}
Nov 08, 2020 12:18:46 PM com.google.cloud.datastore.emulator.impl.util.WrappedStreamObserver onError
INFO: operation failed: Error compiling rules:
L1:1 mismatched input '{' expecting {'function', 'import', 'service', 'rules_version'}
Nov 08, 2020 12:18:46 PM io.gapi.emulators.netty.HttpHandler$1 onError
INFO: Exception when handling request: INVALID_ARGUMENT: Error compiling rules:
L1:1 mismatched input '{' expecting {'function', 'import', 'service', 'rules_version'}
Nov 08, 2020 12:18:56 PM com.google.cloud.datastore.emulator.impl.util.WrappedStreamObserver onError
INFO: operation failed: Error compiling rules:
L1:1 mismatched input '{' expecting {'function', 'import', 'service', 'rules_version'}
Nov 08, 2020 12:18:56 PM io.gapi.emulators.netty.HttpHandler$1 onError
INFO: Exception when handling request: INVALID_ARGUMENT: Error compiling rules:
L1:1 mismatched input '{' expecting {'function', 'import', 'service', 'rules_version'}
Nov 08, 2020 12:19:06 PM com.google.cloud.datastore.emulator.impl.util.WrappedStreamObserver onError
INFO: operation failed: Error compiling rules:
L1:1 mismatched input '{' expecting {'function', 'import', 'service', 'rules_version'}
Nov 08, 2020 12:19:06 PM io.gapi.emulators.netty.HttpHandler$1 onError
INFO: Exception when handling request: INVALID_ARGUMENT: Error compiling rules:
L1:1 mismatched input '{' expecting {'function', 'import', 'service', 'rules_version'}
Nov 08, 2020 12:19:16 PM com.google.cloud.datastore.emulator.impl.util.WrappedStreamObserver onError
INFO: operation failed: Error compiling rules:
L1:1 mismatched input '{' expecting {'function', 'import', 'service', 'rules_version'}
Nov 08, 2020 12:19:16 PM io.gapi.emulators.netty.HttpHandler$1 onError
INFO: Exception when handling request: INVALID_ARGUMENT: Error compiling rules:
L1:1 mismatched input '{' expecting {'function', 'import', 'service', 'rules_version'}
Nov 08, 2020 12:19:26 PM com.google.cloud.datastore.emulator.impl.util.WrappedStreamObserver onError
INFO: operation failed: Error compiling rules:
L1:1 mismatched input '{' expecting {'function', 'import', 'service', 'rules_version'}
Nov 08, 2020 12:19:26 PM io.gapi.emulators.netty.HttpHandler$1 onError
INFO: Exception when handling request: INVALID_ARGUMENT: Error compiling rules:
L1:1 mismatched input '{' expecting {'function', 'import', 'service', 'rules_version'}
Nov 08, 2020 12:19:36 PM com.google.cloud.datastore.emulator.impl.util.WrappedStreamObserver onError
INFO: operation failed: Error compiling rules:
L1:1 mismatched input '{' expecting {'function', 'import', 'service', 'rules_version'}
Nov 08, 2020 12:19:36 PM io.gapi.emulators.netty.HttpHandler$1 onError
INFO: Exception when handling request: INVALID_ARGUMENT: Error compiling rules:
L1:1 mismatched input '{' expecting {'function', 'import', 'service', 'rules_version'}
Nov 08, 2020 12:19:46 PM com.google.cloud.datastore.emulator.impl.util.WrappedStreamObserver onError
INFO: operation failed: Error compiling rules:
L1:1 mismatched input '{' expecting {'function', 'import', 'service', 'rules_version'}
Nov 08, 2020 12:19:46 PM io.gapi.emulators.netty.HttpHandler$1 onError
INFO: Exception when handling request: INVALID_ARGUMENT: Error compiling rules:
L1:1 mismatched input '{' expecting {'function', 'import', 'service', 'rules_version'}
Nov 08, 2020 12:19:54 PM com.google.cloud.datastore.emulator.impl.util.WrappedStreamObserver onError
INFO: operation failed: Error compiling rules:
L1:1 mismatched input '{' expecting {'function', 'import', 'service', 'rules_version'}
Nov 08, 2020 12:19:54 PM io.gapi.emulators.netty.HttpHandler$1 onError
INFO: Exception when handling request: INVALID_ARGUMENT: Error compiling rules:
L1:1 mismatched input '{' expecting {'function', 'import', 'service', 'rules_version'}
Nov 08, 2020 12:22:27 PM com.google.cloud.datastore.emulator.impl.util.WrappedStreamObserver onError
INFO: operation failed: Error compiling rules:
L1:1 mismatched input '{' expecting {'function', 'import', 'service', 'rules_version'}
Nov 08, 2020 12:22:27 PM io.gapi.emulators.netty.HttpHandler$1 onError
INFO: Exception when handling request: INVALID_ARGUMENT: Error compiling rules:
L1:1 mismatched input '{' expecting {'function', 'import', 'service', 'rules_version'}
Nov 08, 2020 12:22:31 PM com.google.cloud.datastore.emulator.impl.util.WrappedStreamObserver onError
INFO: operation failed: Error compiling rules:
L1:1 mismatched input '{' expecting {'function', 'import', 'service', 'rules_version'}
Nov 08, 2020 12:22:31 PM io.gapi.emulators.netty.HttpHandler$1 onError
INFO: Exception when handling request: INVALID_ARGUMENT: Error compiling rules:
L1:1 mismatched input '{' expecting {'function', 'import', 'service', 'rules_version'}
Nov 08, 2020 12:22:41 PM com.google.cloud.datastore.emulator.impl.util.WrappedStreamObserver onError
INFO: operation failed: Error compiling rules:
L1:1 mismatched input '{' expecting {'function', 'import', 'service', 'rules_version'}
Nov 08, 2020 12:22:41 PM io.gapi.emulators.netty.HttpHandler$1 onError
INFO: Exception when handling request: INVALID_ARGUMENT: Error compiling rules:
L1:1 mismatched input '{' expecting {'function', 'import', 'service', 'rules_version'}
Nov 08, 2020 12:22:51 PM com.google.cloud.datastore.emulator.impl.util.WrappedStreamObserver onError
INFO: operation failed: Error compiling rules:
L1:1 mismatched input '{' expecting {'function', 'import', 'service', 'rules_version'}
Nov 08, 2020 12:22:51 PM io.gapi.emulators.netty.HttpHandler$1 onError
INFO: Exception when handling request: INVALID_ARGUMENT: Error compiling rules:
L1:1 mismatched input '{' expecting {'function', 'import', 'service', 'rules_version'}
Nov 08, 2020 12:23:01 PM com.google.cloud.datastore.emulator.impl.util.WrappedStreamObserver onError
INFO: operation failed: Error compiling rules:
L1:1 mismatched input '{' expecting {'function', 'import', 'service', 'rules_version'}
Nov 08, 2020 12:23:01 PM io.gapi.emulators.netty.HttpHandler$1 onError
INFO: Exception when handling request: INVALID_ARGUMENT: Error compiling rules:
L1:1 mismatched input '{' expecting {'function', 'import', 'service', 'rules_version'}
Nov 08, 2020 12:23:11 PM com.google.cloud.datastore.emulator.impl.util.WrappedStreamObserver onError
INFO: operation failed: Error compiling rules:
L1:1 mismatched input '{' expecting {'function', 'import', 'service', 'rules_version'}
Nov 08, 2020 12:23:11 PM io.gapi.emulators.netty.HttpHandler$1 onError
INFO: Exception when handling request: INVALID_ARGUMENT: Error compiling rules:
L1:1 mismatched input '{' expecting {'function', 'import', 'service', 'rules_version'}
Nov 08, 2020 12:23:21 PM com.google.cloud.datastore.emulator.impl.util.WrappedStreamObserver onError
INFO: operation failed: Error compiling rules:
L1:1 mismatched input '{' expecting {'function', 'import', 'service', 'rules_version'}
Nov 08, 2020 12:23:21 PM io.gapi.emulators.netty.HttpHandler$1 onError
INFO: Exception when handling request: INVALID_ARGUMENT: Error compiling rules:
L1:1 mismatched input '{' expecting {'function', 'import', 'service', 'rules_version'}
Nov 08, 2020 12:23:31 PM com.google.cloud.datastore.emulator.impl.util.WrappedStreamObserver onError
INFO: operation failed: Error compiling rules:
L1:1 mismatched input '{' expecting {'function', 'import', 'service', 'rules_version'}
Nov 08, 2020 12:23:31 PM io.gapi.emulators.netty.HttpHandler$1 onError
INFO: Exception when handling request: INVALID_ARGUMENT: Error compiling rules:
L1:1 mismatched input '{' expecting {'function', 'import', 'service', 'rules_version'}
Nov 08, 2020 12:23:41 PM com.google.cloud.datastore.emulator.impl.util.WrappedStreamObserver onError
INFO: operation failed: Error compiling rules:
L1:1 mismatched input '{' expecting {'function', 'import', 'service', 'rules_version'}
Nov 08, 2020 12:23:41 PM io.gapi.emulators.netty.HttpHandler$1 onError
INFO: Exception when handling request: INVALID_ARGUMENT: Error compiling rules:
L1:1 mismatched input '{' expecting {'function', 'import', 'service', 'rules_version'}
Nov 08, 2020 12:23:51 PM com.google.cloud.datastore.emulator.impl.util.WrappedStreamObserver onError
INFO: operation failed: Error compiling rules:
L1:1 mismatched input '{' expecting {'function', 'import', 'service', 'rules_version'}
Nov 08, 2020 12:23:51 PM io.gapi.emulators.netty.HttpHandler$1 onError
INFO: Exception when handling request: INVALID_ARGUMENT: Error compiling rules:
L1:1 mismatched input '{' expecting {'function', 'import', 'service', 'rules_version'}
Nov 08, 2020 12:24:01 PM com.google.cloud.datastore.emulator.impl.util.WrappedStreamObserver onError
INFO: operation failed: Error compiling rules:
L1:1 mismatched input '{' expecting {'function', 'import', 'service', 'rules_version'}
Nov 08, 2020 12:24:01 PM io.gapi.emulators.netty.HttpHandler$1 onError
INFO: Exception when handling request: INVALID_ARGUMENT: Error compiling rules:
L1:1 mismatched input '{' expecting {'function', 'import', 'service', 'rules_version'}
Nov 08, 2020 12:24:11 PM com.google.cloud.datastore.emulator.impl.util.WrappedStreamObserver onError
INFO: operation failed: Error compiling rules:
L1:1 mismatched input '{' expecting {'function', 'import', 'service', 'rules_version'}
Nov 08, 2020 12:24:11 PM io.gapi.emulators.netty.HttpHandler$1 onError
INFO: Exception when handling request: INVALID_ARGUMENT: Error compiling rules:
L1:1 mismatched input '{' expecting {'function', 'import', 'service', 'rules_version'}
Nov 08, 2020 12:24:21 PM com.google.cloud.datastore.emulator.impl.util.WrappedStreamObserver onError
INFO: operation failed: Error compiling rules:
L1:1 mismatched input '{' expecting {'function', 'import', 'service', 'rules_version'}
Nov 08, 2020 12:24:21 PM io.gapi.emulators.netty.HttpHandler$1 onError
INFO: Exception when handling request: INVALID_ARGUMENT: Error compiling rules:
L1:1 mismatched input '{' expecting {'function', 'import', 'service', 'rules_version'}
Nov 08, 2020 12:24:31 PM com.google.cloud.datastore.emulator.impl.util.WrappedStreamObserver onError
INFO: operation failed: Error compiling rules:
L1:1 mismatched input '{' expecting {'function', 'import', 'service', 'rules_version'}
Nov 08, 2020 12:24:31 PM io.gapi.emulators.netty.HttpHandler$1 onError
INFO: Exception when handling request: INVALID_ARGUMENT: Error compiling rules:
L1:1 mismatched input '{' expecting {'function', 'import', 'service', 'rules_version'}
Nov 08, 2020 12:24:41 PM com.google.cloud.datastore.emulator.impl.util.WrappedStreamObserver onError
INFO: operation failed: Error compiling rules:
L1:1 mismatched input '{' expecting {'function', 'import', 'service', 'rules_version'}
Nov 08, 2020 12:24:41 PM io.gapi.emulators.netty.HttpHandler$1 onError
INFO: Exception when handling request: INVALID_ARGUMENT: Error compiling rules:
L1:1 mismatched input '{' expecting {'function', 'import', 'service', 'rules_version'}
Nov 08, 2020 12:24:51 PM com.google.cloud.datastore.emulator.impl.util.WrappedStreamObserver onError
INFO: operation failed: Error compiling rules:
L1:1 mismatched input '{' expecting {'function', 'import', 'service', 'rules_version'}
Nov 08, 2020 12:24:51 PM io.gapi.emulators.netty.HttpHandler$1 onError
INFO: Exception when handling request: INVALID_ARGUMENT: Error compiling rules:
L1:1 mismatched input '{' expecting {'function', 'import', 'service', 'rules_version'}
Nov 08, 2020 12:25:01 PM com.google.cloud.datastore.emulator.impl.util.WrappedStreamObserver onError
INFO: operation failed: Error compiling rules:
L1:1 mismatched input '{' expecting {'function', 'import', 'service', 'rules_version'}
Nov 08, 2020 12:25:01 PM io.gapi.emulators.netty.HttpHandler$1 onError
INFO: Exception when handling request: INVALID_ARGUMENT: Error compiling rules:
L1:1 mismatched input '{' expecting {'function', 'import', 'service', 'rules_version'}
Nov 08, 2020 12:25:11 PM com.google.cloud.datastore.emulator.impl.util.WrappedStreamObserver onError
INFO: operation failed: Error compiling rules:
L1:1 mismatched input '{' expecting {'function', 'import', 'service', 'rules_version'}
Nov 08, 2020 12:25:11 PM io.gapi.emulators.netty.HttpHandler$1 onError
INFO: Exception when handling request: INVALID_ARGUMENT: Error compiling rules:
L1:1 mismatched input '{' expecting {'function', 'import', 'service', 'rules_version'}
Nov 08, 2020 12:25:21 PM com.google.cloud.datastore.emulator.impl.util.WrappedStreamObserver onError
INFO: operation failed: Error compiling rules:
L1:1 mismatched input '{' expecting {'function', 'import', 'service', 'rules_version'}
Nov 08, 2020 12:25:21 PM io.gapi.emulators.netty.HttpHandler$1 onError
INFO: Exception when handling request: INVALID_ARGUMENT: Error compiling rules:
L1:1 mismatched input '{' expecting {'function', 'import', 'service', 'rules_version'}
Nov 08, 2020 12:25:31 PM com.google.cloud.datastore.emulator.impl.util.WrappedStreamObserver onError
INFO: operation failed: Error compiling rules:
L1:1 mismatched input '{' expecting {'function', 'import', 'service', 'rules_version'}
Nov 08, 2020 12:25:31 PM io.gapi.emulators.netty.HttpHandler$1 onError
INFO: Exception when handling request: INVALID_ARGUMENT: Error compiling rules:
L1:1 mismatched input '{' expecting {'function', 'import', 'service', 'rules_version'}
Nov 08, 2020 12:25:41 PM com.google.cloud.datastore.emulator.impl.util.WrappedStreamObserver onError
INFO: operation failed: Error compiling rules:
L1:1 mismatched input '{' expecting {'function', 'import', 'service', 'rules_version'}
Nov 08, 2020 12:25:41 PM io.gapi.emulators.netty.HttpHandler$1 onError
INFO: Exception when handling request: INVALID_ARGUMENT: Error compiling rules:
L1:1 mismatched input '{' expecting {'function', 'import', 'service', 'rules_version'}
Nov 08, 2020 12:25:51 PM com.google.cloud.datastore.emulator.impl.util.WrappedStreamObserver onError
INFO: operation failed: Error compiling rules:
L1:1 mismatched input '{' expecting {'function', 'import', 'service', 'rules_version'}
Nov 08, 2020 12:25:51 PM io.gapi.emulators.netty.HttpHandler$1 onError
INFO: Exception when handling request: INVALID_ARGUMENT: Error compiling rules:
L1:1 mismatched input '{' expecting {'function', 'import', 'service', 'rules_version'}
Nov 08, 2020 12:26:01 PM com.google.cloud.datastore.emulator.impl.util.WrappedStreamObserver onError
INFO: operation failed: Error compiling rules:
L1:1 mismatched input '{' expecting {'function', 'import', 'service', 'rules_version'}
Nov 08, 2020 12:26:01 PM io.gapi.emulators.netty.HttpHandler$1 onError
INFO: Exception when handling request: INVALID_ARGUMENT: Error compiling rules:
L1:1 mismatched input '{' expecting {'function', 'import', 'service', 'rules_version'}
Nov 08, 2020 12:26:11 PM com.google.cloud.datastore.emulator.impl.util.WrappedStreamObserver onError
INFO: operation failed: Error compiling rules:
L1:1 mismatched input '{' expecting {'function', 'import', 'service', 'rules_version'}
Nov 08, 2020 12:26:11 PM io.gapi.emulators.netty.HttpHandler$1 onError
INFO: Exception when handling request: INVALID_ARGUMENT: Error compiling rules:
L1:1 mismatched input '{' expecting {'function', 'import', 'service', 'rules_version'}
Nov 08, 2020 12:26:21 PM com.google.cloud.datastore.emulator.impl.util.WrappedStreamObserver onError
INFO: operation failed: Error compiling rules:
L1:1 mismatched input '{' expecting {'function', 'import', 'service', 'rules_version'}
Nov 08, 2020 12:26:21 PM io.gapi.emulators.netty.HttpHandler$1 onError
INFO: Exception when handling request: INVALID_ARGUMENT: Error compiling rules:
L1:1 mismatched input '{' expecting {'function', 'import', 'service', 'rules_version'}
Nov 08, 2020 12:26:31 PM com.google.cloud.datastore.emulator.impl.util.WrappedStreamObserver onError
INFO: operation failed: Error compiling rules:
L1:1 mismatched input '{' expecting {'function', 'import', 'service', 'rules_version'}
Nov 08, 2020 12:26:31 PM io.gapi.emulators.netty.HttpHandler$1 onError
INFO: Exception when handling request: INVALID_ARGUMENT: Error compiling rules:
L1:1 mismatched input '{' expecting {'function', 'import', 'service', 'rules_version'}
Nov 08, 2020 12:26:41 PM com.google.cloud.datastore.emulator.impl.util.WrappedStreamObserver onError
INFO: operation failed: Error compiling rules:
L1:1 mismatched input '{' expecting {'function', 'import', 'service', 'rules_version'}
Nov 08, 2020 12:26:41 PM io.gapi.emulators.netty.HttpHandler$1 onError
INFO: Exception when handling request: INVALID_ARGUMENT: Error compiling rules:
L1:1 mismatched input '{' expecting {'function', 'import', 'service', 'rules_version'}
Nov 08, 2020 12:26:51 PM com.google.cloud.datastore.emulator.impl.util.WrappedStreamObserver onError
INFO: operation failed: Error compiling rules:
L1:1 mismatched input '{' expecting {'function', 'import', 'service', 'rules_version'}
Nov 08, 2020 12:26:51 PM io.gapi.emulators.netty.HttpHandler$1 onError
INFO: Exception when handling request: INVALID_ARGUMENT: Error compiling rules:
L1:1 mismatched input '{' expecting {'function', 'import', 'service', 'rules_version'}
Nov 08, 2020 12:27:01 PM com.google.cloud.datastore.emulator.impl.util.WrappedStreamObserver onError
INFO: operation failed: Error compiling rules:
L1:1 mismatched input '{' expecting {'function', 'import', 'service', 'rules_version'}
Nov 08, 2020 12:27:01 PM io.gapi.emulators.netty.HttpHandler$1 onError
INFO: Exception when handling request: INVALID_ARGUMENT: Error compiling rules:
L1:1 mismatched input '{' expecting {'function', 'import', 'service', 'rules_version'}
Nov 08, 2020 12:27:11 PM com.google.cloud.datastore.emulator.impl.util.WrappedStreamObserver onError
INFO: operation failed: Error compiling rules:
L1:1 mismatched input '{' expecting {'function', 'import', 'service', 'rules_version'}
Nov 08, 2020 12:27:11 PM io.gapi.emulators.netty.HttpHandler$1 onError
INFO: Exception when handling request: INVALID_ARGUMENT: Error compiling rules:
L1:1 mismatched input '{' expecting {'function', 'import', 'service', 'rules_version'}
Nov 08, 2020 12:27:14 PM com.google.cloud.datastore.emulator.impl.util.WrappedStreamObserver onError
INFO: operation failed: Error compiling rules:
L1:1 mismatched input '{' expecting {'function', 'import', 'service', 'rules_version'}
Nov 08, 2020 12:27:14 PM io.gapi.emulators.netty.HttpHandler$1 onError
INFO: Exception when handling request: INVALID_ARGUMENT: Error compiling rules:
L1:1 mismatched input '{' expecting {'function', 'import', 'service', 'rules_version'}
Nov 08, 2020 12:40:26 PM io.gapi.emulators.netty.HttpVersionRoutingHandler channelRead
INFO: Detected non-HTTP/2 connection.
Nov 08, 2020 12:40:26 PM com.google.cloud.datastore.emulator.impl.util.WrappedStreamObserver onError
INFO: operation failed: Error compiling rules:
L1:1 mismatched input '{' expecting {'function', 'import', 'service', 'rules_version'}
Nov 08, 2020 12:40:26 PM io.gapi.emulators.netty.HttpHandler$1 onError
INFO: Exception when handling request: INVALID_ARGUMENT: Error compiling rules:
L1:1 mismatched input '{' expecting {'function', 'import', 'service', 'rules_version'}
Nov 08, 2020 12:40:47 PM com.google.cloud.datastore.emulator.impl.util.WrappedStreamObserver onError
INFO: operation failed: Error compiling rules:
L1:1 mismatched input '{' expecting {'function', 'import', 'service', 'rules_version'}
Nov 08, 2020 12:40:47 PM io.gapi.emulators.netty.HttpHandler$1 onError
INFO: Exception when handling request: INVALID_ARGUMENT: Error compiling rules:
L1:1 mismatched input '{' expecting {'function', 'import', 'service', 'rules_version'}
Nov 08, 2020 12:42:21 PM com.google.cloud.datastore.emulator.impl.util.WrappedStreamObserver onError
INFO: operation failed: Error compiling rules:
L1:1 mismatched input '{' expecting {'function', 'import', 'service', 'rules_version'}
Nov 08, 2020 12:42:21 PM io.gapi.emulators.netty.HttpHandler$1 onError
INFO: Exception when handling request: INVALID_ARGUMENT: Error compiling rules:
L1:1 mismatched input '{' expecting {'function', 'import', 'service', 'rules_version'}
Nov 08, 2020 12:42:23 PM com.google.cloud.datastore.emulator.impl.util.WrappedStreamObserver onError
INFO: operation failed: Error compiling rules:
L1:1 mismatched input '{' expecting {'function', 'import', 'service', 'rules_version'}
Nov 08, 2020 12:42:23 PM io.gapi.emulators.netty.HttpHandler$1 onError
INFO: Exception when handling request: INVALID_ARGUMENT: Error compiling rules:
L1:1 mismatched input '{' expecting {'function', 'import', 'service', 'rules_version'}
Nov 08, 2020 12:45:57 PM io.gapi.emulators.netty.HttpVersionRoutingHandler channelRead
INFO: Detected non-HTTP/2 connection.
Nov 08, 2020 12:45:57 PM com.google.cloud.datastore.emulator.impl.util.WrappedStreamObserver onError
INFO: operation failed: Error compiling rules:
L1:1 mismatched input '{' expecting {'function', 'import', 'service', 'rules_version'}
Nov 08, 2020 12:45:57 PM io.gapi.emulators.netty.HttpHandler$1 onError
INFO: Exception when handling request: INVALID_ARGUMENT: Error compiling rules:
L1:1 mismatched input '{' expecting {'function', 'import', 'service', 'rules_version'}
Nov 08, 2020 12:50:43 PM com.google.cloud.datastore.emulator.impl.util.WrappedStreamObserver onError
INFO: operation failed: Error compiling rules:
L1:1 mismatched input '{' expecting {'function', 'import', 'service', 'rules_version'}
Nov 08, 2020 12:50:43 PM io.gapi.emulators.netty.HttpHandler$1 onError
INFO: Exception when handling request: INVALID_ARGUMENT: Error compiling rules:
L1:1 mismatched input '{' expecting {'function', 'import', 'service', 'rules_version'}
Nov 08, 2020 12:50:49 PM com.google.cloud.datastore.emulator.impl.util.WrappedStreamObserver onError
INFO: operation failed: Error compiling rules:
L1:1 mismatched input '{' expecting {'function', 'import', 'service', 'rules_version'}
Nov 08, 2020 12:50:49 PM io.gapi.emulators.netty.HttpHandler$1 onError
INFO: Exception when handling request: INVALID_ARGUMENT: Error compiling rules:
L1:1 mismatched input '{' expecting {'function', 'import', 'service', 'rules_version'}
Nov 08, 2020 12:50:59 PM com.google.cloud.datastore.emulator.impl.util.WrappedStreamObserver onError
INFO: operation failed: Error compiling rules:
L1:1 mismatched input '{' expecting {'function', 'import', 'service', 'rules_version'}
Nov 08, 2020 12:50:59 PM io.gapi.emulators.netty.HttpHandler$1 onError
INFO: Exception when handling request: INVALID_ARGUMENT: Error compiling rules:
L1:1 mismatched input '{' expecting {'function', 'import', 'service', 'rules_version'}
Nov 08, 2020 12:51:09 PM com.google.cloud.datastore.emulator.impl.util.WrappedStreamObserver onError
INFO: operation failed: Error compiling rules:
L1:1 mismatched input '{' expecting {'function', 'import', 'service', 'rules_version'}
Nov 08, 2020 12:51:09 PM io.gapi.emulators.netty.HttpHandler$1 onError
INFO: Exception when handling request: INVALID_ARGUMENT: Error compiling rules:
L1:1 mismatched input '{' expecting {'function', 'import', 'service', 'rules_version'}
Nov 08, 2020 12:51:19 PM com.google.cloud.datastore.emulator.impl.util.WrappedStreamObserver onError
INFO: operation failed: Error compiling rules:
L1:1 mismatched input '{' expecting {'function', 'import', 'service', 'rules_version'}
Nov 08, 2020 12:51:19 PM io.gapi.emulators.netty.HttpHandler$1 onError
INFO: Exception when handling request: INVALID_ARGUMENT: Error compiling rules:
L1:1 mismatched input '{' expecting {'function', 'import', 'service', 'rules_version'}
Nov 08, 2020 12:51:29 PM com.google.cloud.datastore.emulator.impl.util.WrappedStreamObserver onError
INFO: operation failed: Error compiling rules:
L1:1 mismatched input '{' expecting {'function', 'import', 'service', 'rules_version'}
Nov 08, 2020 12:51:29 PM io.gapi.emulators.netty.HttpHandler$1 onError
INFO: Exception when handling request: INVALID_ARGUMENT: Error compiling rules:
L1:1 mismatched input '{' expecting {'function', 'import', 'service', 'rules_version'}
Nov 08, 2020 12:51:39 PM com.google.cloud.datastore.emulator.impl.util.WrappedStreamObserver onError
INFO: operation failed: Error compiling rules:
L1:1 mismatched input '{' expecting {'function', 'import', 'service', 'rules_version'}
Nov 08, 2020 12:51:39 PM io.gapi.emulators.netty.HttpHandler$1 onError
INFO: Exception when handling request: INVALID_ARGUMENT: Error compiling rules:
L1:1 mismatched input '{' expecting {'function', 'import', 'service', 'rules_version'}
Nov 08, 2020 1:11:56 PM io.gapi.emulators.netty.HttpVersionRoutingHandler channelRead
INFO: Detected non-HTTP/2 connection.
Nov 08, 2020 1:11:56 PM com.google.cloud.datastore.emulator.impl.util.WrappedStreamObserver onError
INFO: operation failed: Error compiling rules:
L1:1 mismatched input '{' expecting {'function', 'import', 'service', 'rules_version'}
Nov 08, 2020 1:11:56 PM io.gapi.emulators.netty.HttpHandler$1 onError
INFO: Exception when handling request: INVALID_ARGUMENT: Error compiling rules:
L1:1 mismatched input '{' expecting {'function', 'import', 'service', 'rules_version'}
Nov 08, 2020 1:12:12 PM com.google.cloud.datastore.emulator.impl.util.WrappedStreamObserver onError
INFO: operation failed: Error compiling rules:
L1:1 mismatched input '{' expecting {'function', 'import', 'service', 'rules_version'}
Nov 08, 2020 1:12:12 PM io.gapi.emulators.netty.HttpHandler$1 onError
INFO: Exception when handling request: INVALID_ARGUMENT: Error compiling rules:
L1:1 mismatched input '{' expecting {'function', 'import', 'service', 'rules_version'}
Nov 08, 2020 1:12:14 PM com.google.cloud.datastore.emulator.impl.util.WrappedStreamObserver onError
INFO: operation failed: Error compiling rules:
L1:1 mismatched input '{' expecting {'function', 'import', 'service', 'rules_version'}
Nov 08, 2020 1:12:14 PM io.gapi.emulators.netty.HttpHandler$1 onError
INFO: Exception when handling request: INVALID_ARGUMENT: Error compiling rules:
L1:1 mismatched input '{' expecting {'function', 'import', 'service', 'rules_version'}
Nov 08, 2020 1:12:55 PM com.google.cloud.datastore.emulator.impl.util.WrappedStreamObserver onError
INFO: operation failed: Error compiling rules:
L1:1 mismatched input '{' expecting {'function', 'import', 'service', 'rules_version'}
Nov 08, 2020 1:12:55 PM io.gapi.emulators.netty.HttpHandler$1 onError
INFO: Exception when handling request: INVALID_ARGUMENT: Error compiling rules:
L1:1 mismatched input '{' expecting {'function', 'import', 'service', 'rules_version'}
Nov 08, 2020 1:13:13 PM com.google.cloud.datastore.emulator.impl.util.WrappedStreamObserver onError
INFO: operation failed: Error compiling rules:
L1:1 mismatched input '{' expecting {'function', 'import', 'service', 'rules_version'}
Nov 08, 2020 1:13:13 PM io.gapi.emulators.netty.HttpHandler$1 onError
INFO: Exception when handling request: INVALID_ARGUMENT: Error compiling rules:
L1:1 mismatched input '{' expecting {'function', 'import', 'service', 'rules_version'}
Nov 08, 2020 1:13:16 PM com.google.cloud.datastore.emulator.impl.util.WrappedStreamObserver onError
INFO: operation failed: Error compiling rules:
L1:1 mismatched input '{' expecting {'function', 'import', 'service', 'rules_version'}
Nov 08, 2020 1:13:16 PM io.gapi.emulators.netty.HttpHandler$1 onError
INFO: Exception when handling request: INVALID_ARGUMENT: Error compiling rules:
L1:1 mismatched input '{' expecting {'function', 'import', 'service', 'rules_version'}
Nov 08, 2020 1:13:18 PM com.google.cloud.datastore.emulator.impl.util.WrappedStreamObserver onError
INFO: operation failed: Error compiling rules:
L1:1 mismatched input '{' expecting {'function', 'import', 'service', 'rules_version'}
Nov 08, 2020 1:13:18 PM io.gapi.emulators.netty.HttpHandler$1 onError
INFO: Exception when handling request: INVALID_ARGUMENT: Error compiling rules:
L1:1 mismatched input '{' expecting {'function', 'import', 'service', 'rules_version'}
Nov 08, 2020 1:19:15 PM io.gapi.emulators.netty.HttpVersionRoutingHandler channelRead
INFO: Detected non-HTTP/2 connection.
Nov 08, 2020 1:19:15 PM com.google.cloud.datastore.emulator.impl.util.WrappedStreamObserver onError
INFO: operation failed: Error compiling rules:
L1:1 mismatched input '{' expecting {'function', 'import', 'service', 'rules_version'}
Nov 08, 2020 1:19:15 PM io.gapi.emulators.netty.HttpHandler$1 onError
INFO: Exception when handling request: INVALID_ARGUMENT: Error compiling rules:
L1:1 mismatched input '{' expecting {'function', 'import', 'service', 'rules_version'}
Nov 08, 2020 1:19:44 PM com.google.cloud.datastore.emulator.impl.util.WrappedStreamObserver onError
INFO: operation failed: Error compiling rules:
L1:1 mismatched input '{' expecting {'function', 'import', 'service', 'rules_version'}
Nov 08, 2020 1:19:44 PM io.gapi.emulators.netty.HttpHandler$1 onError
INFO: Exception when handling request: INVALID_ARGUMENT: Error compiling rules:
L1:1 mismatched input '{' expecting {'function', 'import', 'service', 'rules_version'}
Nov 08, 2020 1:19:45 PM com.google.cloud.datastore.emulator.impl.util.WrappedStreamObserver onError
INFO: operation failed: Error compiling rules:
L1:1 mismatched input '{' expecting {'function', 'import', 'service', 'rules_version'}
Nov 08, 2020 1:19:45 PM io.gapi.emulators.netty.HttpHandler$1 onError
INFO: Exception when handling request: INVALID_ARGUMENT: Error compiling rules:
L1:1 mismatched input '{' expecting {'function', 'import', 'service', 'rules_version'}
Nov 08, 2020 1:20:40 PM io.gapi.emulators.netty.HttpVersionRoutingHandler channelRead
INFO: Detected non-HTTP/2 connection.
Nov 08, 2020 1:21:22 PM com.google.cloud.datastore.emulator.impl.util.WrappedStreamObserver onError
INFO: operation failed: Error compiling rules:
L1:1 mismatched input '{' expecting {'function', 'import', 'service', 'rules_version'}
Nov 08, 2020 1:21:22 PM io.gapi.emulators.netty.HttpHandler$1 onError
INFO: Exception when handling request: INVALID_ARGUMENT: Error compiling rules:
L1:1 mismatched input '{' expecting {'function', 'import', 'service', 'rules_version'}
Nov 08, 2020 1:23:56 PM com.google.cloud.datastore.emulator.impl.util.WrappedStreamObserver onError
INFO: operation failed: Error compiling rules:
L1:1 mismatched input '{' expecting {'function', 'import', 'service', 'rules_version'}
Nov 08, 2020 1:23:56 PM io.gapi.emulators.netty.HttpHandler$1 onError
INFO: Exception when handling request: INVALID_ARGUMENT: Error compiling rules:
L1:1 mismatched input '{' expecting {'function', 'import', 'service', 'rules_version'}
Nov 08, 2020 1:23:58 PM com.google.cloud.datastore.emulator.impl.util.WrappedStreamObserver onError
INFO: operation failed: Error compiling rules:
L1:1 mismatched input '{' expecting {'function', 'import', 'service', 'rules_version'}
Nov 08, 2020 1:23:58 PM io.gapi.emulators.netty.HttpHandler$1 onError
INFO: Exception when handling request: INVALID_ARGUMENT: Error compiling rules:
L1:1 mismatched input '{' expecting {'function', 'import', 'service', 'rules_version'}
*** shutting down gRPC server since JVM is shutting down
*** server shut down
