[debug] [2020-11-09T13:12:02.422Z] ----------------------------------------------------------------------
[debug] [2020-11-09T13:12:02.425Z] Command:       /usr/local/Cellar/node/14.5.0/bin/node /usr/local/bin/firebase emulators:start
[debug] [2020-11-09T13:12:02.425Z] CLI Version:   8.15.1
[debug] [2020-11-09T13:12:02.425Z] Platform:      darwin
[debug] [2020-11-09T13:12:02.425Z] Node Version:  v14.5.0
[debug] [2020-11-09T13:12:02.427Z] Time:          Mon Nov 09 2020 20:12:02 GMT+0700 (Western Indonesia Time)
[debug] [2020-11-09T13:12:02.428Z] ----------------------------------------------------------------------
[debug] [2020-11-09T13:12:02.428Z] 
[debug] [2020-11-09T13:12:02.438Z] > command requires scopes: ["email","openid","https://www.googleapis.com/auth/cloudplatformprojects.readonly","https://www.googleapis.com/auth/firebase","https://www.googleapis.com/auth/cloud-platform"]
[debug] [2020-11-09T13:12:02.438Z] > authorizing via signed-in user
[info] i  emulators: Starting emulators: functions, firestore, hosting {"metadata":{"emulator":{"name":"hub"},"message":"Starting emulators: functions, firestore, hosting"}}
[debug] [2020-11-09T13:12:02.465Z] [hub] writing locator at /var/folders/_0/64smfvsd53g8ywsjgkyvqlpm0000gn/T/hub-clone-5c7be.json
[warn] ⚠  functions: The following emulators are not running, calls to these services from the Functions emulator will affect production: auth, database, pubsub {"metadata":{"emulator":{"name":"functions"},"message":"The following emulators are not running, calls to these services from the Functions emulator will affect production: \u001b[1mauth, database, pubsub\u001b[22m"}}
[warn] ⚠  Your requested "node" version "12" doesn't match your global version "14" {"metadata":{"emulator":{"name":"functions"},"message":"Your requested \"node\" version \"12\" doesn't match your global version \"14\""}}
[debug] [2020-11-09T13:12:02.494Z] defaultcredentials: writing to file /Users/ariesastra/.config/firebase/youaremyonlione_gmail_com_application_default_credentials.json
[debug] [2020-11-09T13:12:02.497Z] Setting GAC to /Users/ariesastra/.config/firebase/youaremyonlione_gmail_com_application_default_credentials.json {"metadata":{"emulator":{"name":"functions"},"message":"Setting GAC to /Users/ariesastra/.config/firebase/youaremyonlione_gmail_com_application_default_credentials.json"}}
[debug] [2020-11-09T13:12:02.769Z] Ignoring unsupported arg: projectId {"metadata":{"emulator":{"name":"firestore"},"message":"Ignoring unsupported arg: projectId"}}
[debug] [2020-11-09T13:12:02.769Z] Ignoring unsupported arg: auto_download {"metadata":{"emulator":{"name":"firestore"},"message":"Ignoring unsupported arg: auto_download"}}
[debug] [2020-11-09T13:12:02.769Z] Starting Firestore Emulator with command {"binary":"java","args":["-Duser.language=en","-jar","/Users/ariesastra/.cache/firebase/emulators/cloud-firestore-emulator-v1.11.9.jar","--host","localhost","--port",8080,"--rules","/Users/ariesastra/Sites/Learning/React/amazon-clone/firestore.rules","--functions_emulator","localhost:5001"],"optionalArgs":["port","webchannel_port","host","rules","functions_emulator","seed_from_export"],"joinArgs":false} {"metadata":{"emulator":{"name":"firestore"},"message":"Starting Firestore Emulator with command {\"binary\":\"java\",\"args\":[\"-Duser.language=en\",\"-jar\",\"/Users/ariesastra/.cache/firebase/emulators/cloud-firestore-emulator-v1.11.9.jar\",\"--host\",\"localhost\",\"--port\",8080,\"--rules\",\"/Users/ariesastra/Sites/Learning/React/amazon-clone/firestore.rules\",\"--functions_emulator\",\"localhost:5001\"],\"optionalArgs\":[\"port\",\"webchannel_port\",\"host\",\"rules\",\"functions_emulator\",\"seed_from_export\"],\"joinArgs\":false}"}}
[info] i  firestore: Firestore Emulator logging to firestore-debug.log {"metadata":{"emulator":{"name":"firestore"},"message":"Firestore Emulator logging to \u001b[1mfirestore-debug.log\u001b[22m"}}
[debug] [2020-11-09T13:12:04.496Z] API endpoint: http://localhost: {"metadata":{"emulator":{"name":"firestore"},"message":"API endpoint: http://localhost:"}}
[debug] [2020-11-09T13:12:04.497Z] 8080
If you are using a library that supports the FIRESTORE_EMULATOR_HOST environment variable, run:

   export FIRESTORE_EMULATOR_HOST=localhost:8080

Dev App Server is now running.

 {"metadata":{"emulator":{"name":"firestore"},"message":"8080\nIf you are using a library that supports the FIRESTORE_EMULATOR_HOST environment variable, run:\n\n   export FIRESTORE_EMULATOR_HOST=localhost:8080\n\nDev App Server is now running.\n\n"}}
[debug] [2020-11-09T13:12:04.573Z] >>> HTTP REQUEST GET https://firebase.googleapis.com/v1beta1/projects/clone-5c7be/webApps/-/config  
 
[debug] [2020-11-09T13:12:05.711Z] <<< HTTP RESPONSE 200 {"content-type":"application/json; charset=UTF-8","vary":"X-Origin, Referer, Origin,Accept-Encoding","date":"Mon, 09 Nov 2020 13:12:05 GMT","server":"ESF","cache-control":"private","x-xss-protection":"0","x-frame-options":"SAMEORIGIN","x-content-type-options":"nosniff","alt-svc":"h3-Q050=\":443\"; ma=2592000,h3-29=\":443\"; ma=2592000,h3-T051=\":443\"; ma=2592000,h3-T050=\":443\"; ma=2592000,h3-Q046=\":443\"; ma=2592000,h3-Q043=\":443\"; ma=2592000,quic=\":443\"; ma=2592000; v=\"46,43\"","accept-ranges":"none","transfer-encoding":"chunked"}
[info] i  hosting: Serving hosting files from: build {"metadata":{"emulator":{"name":"hosting"},"message":"Serving hosting files from: \u001b[1mbuild\u001b[22m"}}
[info] ✔  hosting: Local server: http://localhost:5000 {"metadata":{"emulator":{"name":"hosting"},"message":"Local server: \u001b[4m\u001b[1mhttp://localhost:5000\u001b[22m\u001b[24m"}}
[debug] [2020-11-09T13:12:05.763Z] Ignoring unsupported arg: auto_download {"metadata":{"emulator":{"name":"ui"},"message":"Ignoring unsupported arg: auto_download"}}
[debug] [2020-11-09T13:12:05.763Z] Ignoring unsupported arg: port {"metadata":{"emulator":{"name":"ui"},"message":"Ignoring unsupported arg: port"}}
[debug] [2020-11-09T13:12:05.764Z] Starting Emulator UI with command {"binary":"node","args":["/Users/ariesastra/.cache/firebase/emulators/ui-v1.2.2/server.bundle.js"],"optionalArgs":[],"joinArgs":false} {"metadata":{"emulator":{"name":"ui"},"message":"Starting Emulator UI with command {\"binary\":\"node\",\"args\":[\"/Users/ariesastra/.cache/firebase/emulators/ui-v1.2.2/server.bundle.js\"],\"optionalArgs\":[],\"joinArgs\":false}"}}
[info] i  ui: Emulator UI logging to ui-debug.log {"metadata":{"emulator":{"name":"ui"},"message":"Emulator UI logging to \u001b[1mui-debug.log\u001b[22m"}}
[debug] [2020-11-09T13:12:05.879Z] Web / API server started at http://localhost:4000
 {"metadata":{"emulator":{"name":"ui"},"message":"Web / API server started at http://localhost:4000\n"}}
[info] i  functions: Watching "/Users/ariesastra/Sites/Learning/React/amazon-clone/functions" for Cloud Functions... {"metadata":{"emulator":{"name":"functions"},"message":"Watching \"/Users/ariesastra/Sites/Learning/React/amazon-clone/functions\" for Cloud Functions..."}}
[debug] [2020-11-09T13:12:06.043Z] [worker-pool] addWorker(~diagnostic~) {"metadata":{"emulator":{"name":"functions"},"message":"[worker-pool] addWorker(~diagnostic~)"}}
[debug] [2020-11-09T13:12:06.043Z] [worker-pool] Adding worker with key ~diagnostic~, total=1 {"metadata":{"emulator":{"name":"functions"},"message":"[worker-pool] Adding worker with key ~diagnostic~, total=1"}}
[debug] [2020-11-09T13:12:06.043Z] [worker-pool] submitWork(triggerId=) {"metadata":{"emulator":{"name":"functions"},"message":"[worker-pool] submitWork(triggerId=)"}}
[debug] [2020-11-09T13:12:06.044Z] [worker-~diagnostic~-307fc99d-2bc6-467b-b9c4-9bfb6b8a203c]: Assigning socketPath: /var/folders/_0/64smfvsd53g8ywsjgkyvqlpm0000gn/T/fire_emu_14750.sock {"metadata":{"emulator":{"name":"functions"},"message":"[worker-~diagnostic~-307fc99d-2bc6-467b-b9c4-9bfb6b8a203c]: Assigning socketPath: /var/folders/_0/64smfvsd53g8ywsjgkyvqlpm0000gn/T/fire_emu_14750.sock"}}
[debug] [2020-11-09T13:12:06.044Z] [worker-~diagnostic~-307fc99d-2bc6-467b-b9c4-9bfb6b8a203c]: BUSY {"metadata":{"emulator":{"name":"functions"},"message":"[worker-~diagnostic~-307fc99d-2bc6-467b-b9c4-9bfb6b8a203c]: BUSY"}}
[debug] [2020-11-09T13:12:06.462Z] [runtime-status] [14750] Functions runtime initialized. {"cwd":"/Users/ariesastra/Sites/Learning/React/amazon-clone/functions","node_version":"14.5.0"} {"metadata":{"emulator":{"name":"functions"},"message":"[runtime-status] [14750] Functions runtime initialized. {\"cwd\":\"/Users/ariesastra/Sites/Learning/React/amazon-clone/functions\",\"node_version\":\"14.5.0\"}"}}
[debug] [2020-11-09T13:12:06.464Z] [runtime-status] [14750] Disabled runtime features: undefined {"metadata":{"emulator":{"name":"functions"},"message":"[runtime-status] [14750] Disabled runtime features: undefined"}}
[debug] [2020-11-09T13:12:06.467Z] [runtime-status] [14750] Resolved module firebase-admin {"declared":true,"installed":true,"version":"9.3.0","resolution":"/Users/ariesastra/Sites/Learning/React/amazon-clone/functions/node_modules/firebase-admin/lib/index.js"} {"metadata":{"emulator":{"name":"functions"},"message":"[runtime-status] [14750] Resolved module firebase-admin {\"declared\":true,\"installed\":true,\"version\":\"9.3.0\",\"resolution\":\"/Users/ariesastra/Sites/Learning/React/amazon-clone/functions/node_modules/firebase-admin/lib/index.js\"}"}}
[debug] [2020-11-09T13:12:06.468Z] [runtime-status] [14750] Resolved module firebase-functions {"declared":true,"installed":true,"version":"3.11.0","resolution":"/Users/ariesastra/Sites/Learning/React/amazon-clone/functions/node_modules/firebase-functions/lib/index.js"} {"metadata":{"emulator":{"name":"functions"},"message":"[runtime-status] [14750] Resolved module firebase-functions {\"declared\":true,\"installed\":true,\"version\":\"3.11.0\",\"resolution\":\"/Users/ariesastra/Sites/Learning/React/amazon-clone/functions/node_modules/firebase-functions/lib/index.js\"}"}}
[debug] [2020-11-09T13:12:06.469Z] [runtime-status] [14750] Resolved module firebase-functions {"declared":true,"installed":true,"version":"3.11.0","resolution":"/Users/ariesastra/Sites/Learning/React/amazon-clone/functions/node_modules/firebase-functions/lib/index.js"} {"metadata":{"emulator":{"name":"functions"},"message":"[runtime-status] [14750] Resolved module firebase-functions {\"declared\":true,\"installed\":true,\"version\":\"3.11.0\",\"resolution\":\"/Users/ariesastra/Sites/Learning/React/amazon-clone/functions/node_modules/firebase-functions/lib/index.js\"}"}}
[debug] [2020-11-09T13:12:06.470Z] [runtime-status] [14750] Outgoing network have been stubbed. [{"name":"http","status":"mocked"},{"name":"http","status":"mocked"},{"name":"https","status":"mocked"},{"name":"https","status":"mocked"},{"name":"net","status":"mocked"}] {"metadata":{"emulator":{"name":"functions"},"message":"[runtime-status] [14750] Outgoing network have been stubbed. [{\"name\":\"http\",\"status\":\"mocked\"},{\"name\":\"http\",\"status\":\"mocked\"},{\"name\":\"https\",\"status\":\"mocked\"},{\"name\":\"https\",\"status\":\"mocked\"},{\"name\":\"net\",\"status\":\"mocked\"}]"}}
[debug] [2020-11-09T13:12:06.471Z] [runtime-status] [14750] Resolved module firebase-functions {"declared":true,"installed":true,"version":"3.11.0","resolution":"/Users/ariesastra/Sites/Learning/React/amazon-clone/functions/node_modules/firebase-functions/lib/index.js"} {"metadata":{"emulator":{"name":"functions"},"message":"[runtime-status] [14750] Resolved module firebase-functions {\"declared\":true,\"installed\":true,\"version\":\"3.11.0\",\"resolution\":\"/Users/ariesastra/Sites/Learning/React/amazon-clone/functions/node_modules/firebase-functions/lib/index.js\"}"}}
[debug] [2020-11-09T13:12:06.533Z] [runtime-status] [14750] Checked functions.config() {"config":{}} {"metadata":{"emulator":{"name":"functions"},"message":"[runtime-status] [14750] Checked functions.config() {\"config\":{}}"}}
[debug] [2020-11-09T13:12:06.533Z] [runtime-status] [14750] firebase-functions has been stubbed. {"functionsResolution":{"declared":true,"installed":true,"version":"3.11.0","resolution":"/Users/ariesastra/Sites/Learning/React/amazon-clone/functions/node_modules/firebase-functions/lib/index.js"}} {"metadata":{"emulator":{"name":"functions"},"message":"[runtime-status] [14750] firebase-functions has been stubbed. {\"functionsResolution\":{\"declared\":true,\"installed\":true,\"version\":\"3.11.0\",\"resolution\":\"/Users/ariesastra/Sites/Learning/React/amazon-clone/functions/node_modules/firebase-functions/lib/index.js\"}}"}}
[debug] [2020-11-09T13:12:06.533Z] [runtime-status] [14750] Resolved module firebase-functions {"declared":true,"installed":true,"version":"3.11.0","resolution":"/Users/ariesastra/Sites/Learning/React/amazon-clone/functions/node_modules/firebase-functions/lib/index.js"} {"metadata":{"emulator":{"name":"functions"},"message":"[runtime-status] [14750] Resolved module firebase-functions {\"declared\":true,\"installed\":true,\"version\":\"3.11.0\",\"resolution\":\"/Users/ariesastra/Sites/Learning/React/amazon-clone/functions/node_modules/firebase-functions/lib/index.js\"}"}}
[debug] [2020-11-09T13:12:06.534Z] [runtime-status] [14750] Resolved module firebase-admin {"declared":true,"installed":true,"version":"9.3.0","resolution":"/Users/ariesastra/Sites/Learning/React/amazon-clone/functions/node_modules/firebase-admin/lib/index.js"} {"metadata":{"emulator":{"name":"functions"},"message":"[runtime-status] [14750] Resolved module firebase-admin {\"declared\":true,\"installed\":true,\"version\":\"9.3.0\",\"resolution\":\"/Users/ariesastra/Sites/Learning/React/amazon-clone/functions/node_modules/firebase-admin/lib/index.js\"}"}}
[debug] [2020-11-09T13:12:06.535Z] [runtime-status] [14750] Resolved module firebase-functions {"declared":true,"installed":true,"version":"3.11.0","resolution":"/Users/ariesastra/Sites/Learning/React/amazon-clone/functions/node_modules/firebase-functions/lib/index.js"} {"metadata":{"emulator":{"name":"functions"},"message":"[runtime-status] [14750] Resolved module firebase-functions {\"declared\":true,\"installed\":true,\"version\":\"3.11.0\",\"resolution\":\"/Users/ariesastra/Sites/Learning/React/amazon-clone/functions/node_modules/firebase-functions/lib/index.js\"}"}}
[debug] [2020-11-09T13:12:06.535Z] [runtime-status] [14750] firebase-admin has been stubbed. {"adminResolution":{"declared":true,"installed":true,"version":"9.3.0","resolution":"/Users/ariesastra/Sites/Learning/React/amazon-clone/functions/node_modules/firebase-admin/lib/index.js"}} {"metadata":{"emulator":{"name":"functions"},"message":"[runtime-status] [14750] firebase-admin has been stubbed. {\"adminResolution\":{\"declared\":true,\"installed\":true,\"version\":\"9.3.0\",\"resolution\":\"/Users/ariesastra/Sites/Learning/React/amazon-clone/functions/node_modules/firebase-admin/lib/index.js\"}}"}}
[info] ✔  functions[api]: http function initialized (http://localhost:5001/clone-5c7be/us-central1/api). {"metadata":{"emulator":{"name":"functions"},"message":"\u001b[1mhttp\u001b[22m function initialized (http://localhost:5001/clone-5c7be/us-central1/api)."}}
[info] 
┌───────────────────────────────────────────────────────────────────────┐
│ ✔  All emulators ready! View status and logs at http://localhost:4000 │
└───────────────────────────────────────────────────────────────────────┘

┌───────────┬────────────────┬─────────────────────────────────┐
│ Emulator  │ Host:Port      │ View in Emulator UI             │
├───────────┼────────────────┼─────────────────────────────────┤
│ Functions │ localhost:5001 │ http://localhost:4000/functions │
├───────────┼────────────────┼─────────────────────────────────┤
│ Firestore │ localhost:8080 │ http://localhost:4000/firestore │
├───────────┼────────────────┼─────────────────────────────────┤
│ Hosting   │ localhost:5000 │ n/a                             │
└───────────┴────────────────┴─────────────────────────────────┘
  Other reserved ports: 4400, 4500

Issues? Report them at https://github.com/firebase/firebase-tools/issues and attach the *-debug.log files.
 
[debug] [2020-11-09T13:12:06.747Z] [worker-~diagnostic~-307fc99d-2bc6-467b-b9c4-9bfb6b8a203c]: IDLE {"metadata":{"emulator":{"name":"functions"},"message":"[worker-~diagnostic~-307fc99d-2bc6-467b-b9c4-9bfb6b8a203c]: IDLE"}}
[debug] [2020-11-09T13:12:51.874Z] [work-queue] {"queueLength":1,"workRunningCount":0}
[debug] [2020-11-09T13:12:51.874Z] [work-queue] {"queueLength":0,"workRunningCount":1}
[debug] [2020-11-09T13:12:51.875Z] Accepted request GET /clone-5c7be/us-central1/api --> api
[debug] [2020-11-09T13:12:51.879Z] [worker-pool] addWorker(api) {"metadata":{"emulator":{"name":"functions"},"message":"[worker-pool] addWorker(api)"}}
[debug] [2020-11-09T13:12:51.879Z] [worker-pool] Adding worker with key api, total=1 {"metadata":{"emulator":{"name":"functions"},"message":"[worker-pool] Adding worker with key api, total=1"}}
[debug] [2020-11-09T13:12:51.879Z] [worker-pool] submitWork(triggerId=api) {"metadata":{"emulator":{"name":"functions"},"message":"[worker-pool] submitWork(triggerId=api)"}}
[debug] [2020-11-09T13:12:51.880Z] [worker-api-e999a588-784e-46f0-8e9b-6b2bbffaac9c]: Assigning socketPath: /var/folders/_0/64smfvsd53g8ywsjgkyvqlpm0000gn/T/fire_emu_14771.sock {"metadata":{"emulator":{"name":"functions"},"message":"[worker-api-e999a588-784e-46f0-8e9b-6b2bbffaac9c]: Assigning socketPath: /var/folders/_0/64smfvsd53g8ywsjgkyvqlpm0000gn/T/fire_emu_14771.sock"}}
[debug] [2020-11-09T13:12:51.880Z] [worker-api-e999a588-784e-46f0-8e9b-6b2bbffaac9c]: BUSY {"metadata":{"emulator":{"name":"functions"},"message":"[worker-api-e999a588-784e-46f0-8e9b-6b2bbffaac9c]: BUSY"}}
[debug] [2020-11-09T13:12:52.327Z] [runtime-status] [14771] Functions runtime initialized. {"cwd":"/Users/ariesastra/Sites/Learning/React/amazon-clone/functions","node_version":"14.5.0"} {"metadata":{"emulator":{"name":"functions"},"function":{"name":"api"},"message":"[runtime-status] [14771] Functions runtime initialized. {\"cwd\":\"/Users/ariesastra/Sites/Learning/React/amazon-clone/functions\",\"node_version\":\"14.5.0\"}"}}
[debug] [2020-11-09T13:12:52.330Z] [runtime-status] [14771] Disabled runtime features: undefined {"metadata":{"emulator":{"name":"functions"},"function":{"name":"api"},"message":"[runtime-status] [14771] Disabled runtime features: undefined"}}
[debug] [2020-11-09T13:12:52.332Z] [runtime-status] [14771] Resolved module firebase-admin {"declared":true,"installed":true,"version":"9.3.0","resolution":"/Users/ariesastra/Sites/Learning/React/amazon-clone/functions/node_modules/firebase-admin/lib/index.js"} {"metadata":{"emulator":{"name":"functions"},"function":{"name":"api"},"message":"[runtime-status] [14771] Resolved module firebase-admin {\"declared\":true,\"installed\":true,\"version\":\"9.3.0\",\"resolution\":\"/Users/ariesastra/Sites/Learning/React/amazon-clone/functions/node_modules/firebase-admin/lib/index.js\"}"}}
[debug] [2020-11-09T13:12:52.333Z] [runtime-status] [14771] Resolved module firebase-functions {"declared":true,"installed":true,"version":"3.11.0","resolution":"/Users/ariesastra/Sites/Learning/React/amazon-clone/functions/node_modules/firebase-functions/lib/index.js"} {"metadata":{"emulator":{"name":"functions"},"function":{"name":"api"},"message":"[runtime-status] [14771] Resolved module firebase-functions {\"declared\":true,\"installed\":true,\"version\":\"3.11.0\",\"resolution\":\"/Users/ariesastra/Sites/Learning/React/amazon-clone/functions/node_modules/firebase-functions/lib/index.js\"}"}}
[debug] [2020-11-09T13:12:52.334Z] [runtime-status] [14771] Resolved module firebase-functions {"declared":true,"installed":true,"version":"3.11.0","resolution":"/Users/ariesastra/Sites/Learning/React/amazon-clone/functions/node_modules/firebase-functions/lib/index.js"} {"metadata":{"emulator":{"name":"functions"},"function":{"name":"api"},"message":"[runtime-status] [14771] Resolved module firebase-functions {\"declared\":true,\"installed\":true,\"version\":\"3.11.0\",\"resolution\":\"/Users/ariesastra/Sites/Learning/React/amazon-clone/functions/node_modules/firebase-functions/lib/index.js\"}"}}
[debug] [2020-11-09T13:12:52.336Z] [runtime-status] [14771] Outgoing network have been stubbed. [{"name":"http","status":"mocked"},{"name":"http","status":"mocked"},{"name":"https","status":"mocked"},{"name":"https","status":"mocked"},{"name":"net","status":"mocked"}] {"metadata":{"emulator":{"name":"functions"},"function":{"name":"api"},"message":"[runtime-status] [14771] Outgoing network have been stubbed. [{\"name\":\"http\",\"status\":\"mocked\"},{\"name\":\"http\",\"status\":\"mocked\"},{\"name\":\"https\",\"status\":\"mocked\"},{\"name\":\"https\",\"status\":\"mocked\"},{\"name\":\"net\",\"status\":\"mocked\"}]"}}
[debug] [2020-11-09T13:12:52.336Z] [runtime-status] [14771] Resolved module firebase-functions {"declared":true,"installed":true,"version":"3.11.0","resolution":"/Users/ariesastra/Sites/Learning/React/amazon-clone/functions/node_modules/firebase-functions/lib/index.js"} {"metadata":{"emulator":{"name":"functions"},"function":{"name":"api"},"message":"[runtime-status] [14771] Resolved module firebase-functions {\"declared\":true,\"installed\":true,\"version\":\"3.11.0\",\"resolution\":\"/Users/ariesastra/Sites/Learning/React/amazon-clone/functions/node_modules/firebase-functions/lib/index.js\"}"}}
[debug] [2020-11-09T13:12:52.378Z] [runtime-status] [14771] Checked functions.config() {"config":{}} {"metadata":{"emulator":{"name":"functions"},"function":{"name":"api"},"message":"[runtime-status] [14771] Checked functions.config() {\"config\":{}}"}}
[debug] [2020-11-09T13:12:52.378Z] [runtime-status] [14771] firebase-functions has been stubbed. {"functionsResolution":{"declared":true,"installed":true,"version":"3.11.0","resolution":"/Users/ariesastra/Sites/Learning/React/amazon-clone/functions/node_modules/firebase-functions/lib/index.js"}} {"metadata":{"emulator":{"name":"functions"},"function":{"name":"api"},"message":"[runtime-status] [14771] firebase-functions has been stubbed. {\"functionsResolution\":{\"declared\":true,\"installed\":true,\"version\":\"3.11.0\",\"resolution\":\"/Users/ariesastra/Sites/Learning/React/amazon-clone/functions/node_modules/firebase-functions/lib/index.js\"}}"}}
[debug] [2020-11-09T13:12:52.379Z] [runtime-status] [14771] Resolved module firebase-functions {"declared":true,"installed":true,"version":"3.11.0","resolution":"/Users/ariesastra/Sites/Learning/React/amazon-clone/functions/node_modules/firebase-functions/lib/index.js"} {"metadata":{"emulator":{"name":"functions"},"function":{"name":"api"},"message":"[runtime-status] [14771] Resolved module firebase-functions {\"declared\":true,\"installed\":true,\"version\":\"3.11.0\",\"resolution\":\"/Users/ariesastra/Sites/Learning/React/amazon-clone/functions/node_modules/firebase-functions/lib/index.js\"}"}}
[debug] [2020-11-09T13:12:52.380Z] [runtime-status] [14771] Resolved module firebase-admin {"declared":true,"installed":true,"version":"9.3.0","resolution":"/Users/ariesastra/Sites/Learning/React/amazon-clone/functions/node_modules/firebase-admin/lib/index.js"} {"metadata":{"emulator":{"name":"functions"},"function":{"name":"api"},"message":"[runtime-status] [14771] Resolved module firebase-admin {\"declared\":true,\"installed\":true,\"version\":\"9.3.0\",\"resolution\":\"/Users/ariesastra/Sites/Learning/React/amazon-clone/functions/node_modules/firebase-admin/lib/index.js\"}"}}
[debug] [2020-11-09T13:12:52.380Z] [runtime-status] [14771] Resolved module firebase-functions {"declared":true,"installed":true,"version":"3.11.0","resolution":"/Users/ariesastra/Sites/Learning/React/amazon-clone/functions/node_modules/firebase-functions/lib/index.js"} {"metadata":{"emulator":{"name":"functions"},"function":{"name":"api"},"message":"[runtime-status] [14771] Resolved module firebase-functions {\"declared\":true,\"installed\":true,\"version\":\"3.11.0\",\"resolution\":\"/Users/ariesastra/Sites/Learning/React/amazon-clone/functions/node_modules/firebase-functions/lib/index.js\"}"}}
[debug] [2020-11-09T13:12:52.380Z] [runtime-status] [14771] firebase-admin has been stubbed. {"adminResolution":{"declared":true,"installed":true,"version":"9.3.0","resolution":"/Users/ariesastra/Sites/Learning/React/amazon-clone/functions/node_modules/firebase-admin/lib/index.js"}} {"metadata":{"emulator":{"name":"functions"},"function":{"name":"api"},"message":"[runtime-status] [14771] firebase-admin has been stubbed. {\"adminResolution\":{\"declared\":true,\"installed\":true,\"version\":\"9.3.0\",\"resolution\":\"/Users/ariesastra/Sites/Learning/React/amazon-clone/functions/node_modules/firebase-admin/lib/index.js\"}}"}}
[debug] [2020-11-09T13:12:52.522Z] [runtime-status] [14771] Trigger "api" has been found, beginning invocation! {"metadata":{"emulator":{"name":"functions"},"function":{"name":"api"},"message":"[runtime-status] [14771] Trigger \"api\" has been found, beginning invocation!"}}
[info] i  functions: Beginning execution of "api" {"metadata":{"emulator":{"name":"functions"},"function":{"name":"api"},"message":"Beginning execution of \"api\""}}
[debug] [2020-11-09T13:12:52.523Z] [runtime-status] [14771] triggerDefinition {"httpsTrigger":{},"name":"api","entryPoint":"api"} {"metadata":{"emulator":{"name":"functions"},"function":{"name":"api"},"message":"[runtime-status] [14771] triggerDefinition {\"httpsTrigger\":{},\"name\":\"api\",\"entryPoint\":\"api\"}"}}
[debug] [2020-11-09T13:12:52.523Z] [runtime-status] [14771] Running api in mode HTTPS {"metadata":{"emulator":{"name":"functions"},"function":{"name":"api"},"message":"[runtime-status] [14771] Running api in mode HTTPS"}}
[debug] [2020-11-09T13:12:52.529Z] [runtime-status] [14771] Attempting to listen to socketPath: /var/folders/_0/64smfvsd53g8ywsjgkyvqlpm0000gn/T/fire_emu_14771.sock {"metadata":{"emulator":{"name":"functions"},"function":{"name":"api"},"message":"[runtime-status] [14771] Attempting to listen to socketPath: /var/folders/_0/64smfvsd53g8ywsjgkyvqlpm0000gn/T/fire_emu_14771.sock"}}
[debug] [2020-11-09T13:12:52.530Z] [functions] Runtime ready! Sending request! {"metadata":{"emulator":{"name":"functions"},"message":"[functions] Runtime ready! Sending request!"}}
[debug] [2020-11-09T13:12:52.542Z] [runtime-status] [14771] Ephemeral server handling GET request {"metadata":{"emulator":{"name":"functions"},"function":{"name":"api"},"message":"[runtime-status] [14771] Ephemeral server handling GET request"}}
[debug] [2020-11-09T13:12:52.547Z] [runtime-status] [14771] Ephemeral server survived. {"metadata":{"emulator":{"name":"functions"},"function":{"name":"api"},"message":"[runtime-status] [14771] Ephemeral server survived."}}
[info] i  functions: Finished "api" in ~1s {"metadata":{"emulator":{"name":"functions"},"function":{"name":"api"},"message":"Finished \"api\" in ~1s"}}
[debug] [2020-11-09T13:12:52.551Z] [worker-api-e999a588-784e-46f0-8e9b-6b2bbffaac9c]: IDLE {"metadata":{"emulator":{"name":"functions"},"message":"[worker-api-e999a588-784e-46f0-8e9b-6b2bbffaac9c]: IDLE"}}
[debug] [2020-11-09T13:12:52.551Z] [work-queue] {"queueLength":0,"workRunningCount":0}
[debug] [2020-11-09T13:12:52.785Z] Functions emulator received unknown request at path /favicon.ico
[debug] [2020-11-09T13:13:09.702Z] Nov 09, 2020 8:13:09 PM io.gapi.emulators.netty.HttpVersionRoutingHandler channelRead
INFO: Detected non-HTTP/2 connection.
 {"metadata":{"emulator":{"name":"firestore"},"message":"Nov 09, 2020 8:13:09 PM io.gapi.emulators.netty.HttpVersionRoutingHandler channelRead\nINFO: Detected non-HTTP/2 connection.\n"}}
[debug] [2020-11-09T13:13:09.831Z] Nov 09, 2020 8:13:09 PM io.gapi.emulators.netty.HttpVersionRoutingHandler channelRead
INFO: Detected HTTP/2 connection.
 {"metadata":{"emulator":{"name":"firestore"},"message":"Nov 09, 2020 8:13:09 PM io.gapi.emulators.netty.HttpVersionRoutingHandler channelRead\nINFO: Detected HTTP/2 connection.\n"}}
[debug] [2020-11-09T13:16:41.920Z] File /Users/ariesastra/Sites/Learning/React/amazon-clone/functions/index.js changed, reloading triggers {"metadata":{"emulator":{"name":"functions"},"message":"File /Users/ariesastra/Sites/Learning/React/amazon-clone/functions/index.js changed, reloading triggers"}}
[debug] [2020-11-09T13:16:42.923Z] [worker-pool] Shutting down IDLE worker (~diagnostic~) {"metadata":{"emulator":{"name":"functions"},"message":"[worker-pool] Shutting down IDLE worker (~diagnostic~)"}}
[debug] [2020-11-09T13:16:42.924Z] [worker-~diagnostic~-307fc99d-2bc6-467b-b9c4-9bfb6b8a203c]: FINISHING {"metadata":{"emulator":{"name":"functions"},"message":"[worker-~diagnostic~-307fc99d-2bc6-467b-b9c4-9bfb6b8a203c]: FINISHING"}}
[debug] [2020-11-09T13:16:42.924Z] [worker-pool] Shutting down IDLE worker (api) {"metadata":{"emulator":{"name":"functions"},"message":"[worker-pool] Shutting down IDLE worker (api)"}}
[debug] [2020-11-09T13:16:42.925Z] [worker-api-e999a588-784e-46f0-8e9b-6b2bbffaac9c]: FINISHING {"metadata":{"emulator":{"name":"functions"},"message":"[worker-api-e999a588-784e-46f0-8e9b-6b2bbffaac9c]: FINISHING"}}
[debug] [2020-11-09T13:16:42.933Z] [worker-pool] addWorker(~diagnostic~) {"metadata":{"emulator":{"name":"functions"},"message":"[worker-pool] addWorker(~diagnostic~)"}}
[debug] [2020-11-09T13:16:42.934Z] [worker-pool] Adding worker with key ~diagnostic~, total=2 {"metadata":{"emulator":{"name":"functions"},"message":"[worker-pool] Adding worker with key ~diagnostic~, total=2"}}
[debug] [2020-11-09T13:16:42.934Z] [worker-pool] submitWork(triggerId=) {"metadata":{"emulator":{"name":"functions"},"message":"[worker-pool] submitWork(triggerId=)"}}
[debug] [2020-11-09T13:16:42.934Z] [worker-~diagnostic~-be7f9241-8ee0-4019-a666-4e56d43fc8a1]: Assigning socketPath: /var/folders/_0/64smfvsd53g8ywsjgkyvqlpm0000gn/T/fire_emu_14821.sock {"metadata":{"emulator":{"name":"functions"},"message":"[worker-~diagnostic~-be7f9241-8ee0-4019-a666-4e56d43fc8a1]: Assigning socketPath: /var/folders/_0/64smfvsd53g8ywsjgkyvqlpm0000gn/T/fire_emu_14821.sock"}}
[debug] [2020-11-09T13:16:42.934Z] [worker-~diagnostic~-be7f9241-8ee0-4019-a666-4e56d43fc8a1]: BUSY {"metadata":{"emulator":{"name":"functions"},"message":"[worker-~diagnostic~-be7f9241-8ee0-4019-a666-4e56d43fc8a1]: BUSY"}}
[debug] [2020-11-09T13:16:42.937Z] [worker-~diagnostic~-307fc99d-2bc6-467b-b9c4-9bfb6b8a203c]: exited {"metadata":{"emulator":{"name":"functions"},"message":"[worker-~diagnostic~-307fc99d-2bc6-467b-b9c4-9bfb6b8a203c]: exited"}}
[debug] [2020-11-09T13:16:42.937Z] [worker-~diagnostic~-307fc99d-2bc6-467b-b9c4-9bfb6b8a203c]: FINISHED {"metadata":{"emulator":{"name":"functions"},"message":"[worker-~diagnostic~-307fc99d-2bc6-467b-b9c4-9bfb6b8a203c]: FINISHED"}}
[debug] [2020-11-09T13:16:42.937Z] [worker-api-e999a588-784e-46f0-8e9b-6b2bbffaac9c]: exited {"metadata":{"emulator":{"name":"functions"},"message":"[worker-api-e999a588-784e-46f0-8e9b-6b2bbffaac9c]: exited"}}
[debug] [2020-11-09T13:16:42.938Z] [worker-api-e999a588-784e-46f0-8e9b-6b2bbffaac9c]: FINISHED {"metadata":{"emulator":{"name":"functions"},"message":"[worker-api-e999a588-784e-46f0-8e9b-6b2bbffaac9c]: FINISHED"}}
[debug] [2020-11-09T13:16:43.398Z] [runtime-status] [14821] Functions runtime initialized. {"cwd":"/Users/ariesastra/Sites/Learning/React/amazon-clone/functions","node_version":"14.5.0"} {"metadata":{"emulator":{"name":"functions"},"message":"[runtime-status] [14821] Functions runtime initialized. {\"cwd\":\"/Users/ariesastra/Sites/Learning/React/amazon-clone/functions\",\"node_version\":\"14.5.0\"}"}}
[debug] [2020-11-09T13:16:43.401Z] [runtime-status] [14821] Disabled runtime features: undefined {"metadata":{"emulator":{"name":"functions"},"message":"[runtime-status] [14821] Disabled runtime features: undefined"}}
[debug] [2020-11-09T13:16:43.403Z] [runtime-status] [14821] Resolved module firebase-admin {"declared":true,"installed":true,"version":"9.3.0","resolution":"/Users/ariesastra/Sites/Learning/React/amazon-clone/functions/node_modules/firebase-admin/lib/index.js"} {"metadata":{"emulator":{"name":"functions"},"message":"[runtime-status] [14821] Resolved module firebase-admin {\"declared\":true,\"installed\":true,\"version\":\"9.3.0\",\"resolution\":\"/Users/ariesastra/Sites/Learning/React/amazon-clone/functions/node_modules/firebase-admin/lib/index.js\"}"}}
[debug] [2020-11-09T13:16:43.404Z] [runtime-status] [14821] Resolved module firebase-functions {"declared":true,"installed":true,"version":"3.11.0","resolution":"/Users/ariesastra/Sites/Learning/React/amazon-clone/functions/node_modules/firebase-functions/lib/index.js"} {"metadata":{"emulator":{"name":"functions"},"message":"[runtime-status] [14821] Resolved module firebase-functions {\"declared\":true,\"installed\":true,\"version\":\"3.11.0\",\"resolution\":\"/Users/ariesastra/Sites/Learning/React/amazon-clone/functions/node_modules/firebase-functions/lib/index.js\"}"}}
[debug] [2020-11-09T13:16:43.406Z] [runtime-status] [14821] Resolved module firebase-functions {"declared":true,"installed":true,"version":"3.11.0","resolution":"/Users/ariesastra/Sites/Learning/React/amazon-clone/functions/node_modules/firebase-functions/lib/index.js"} {"metadata":{"emulator":{"name":"functions"},"message":"[runtime-status] [14821] Resolved module firebase-functions {\"declared\":true,\"installed\":true,\"version\":\"3.11.0\",\"resolution\":\"/Users/ariesastra/Sites/Learning/React/amazon-clone/functions/node_modules/firebase-functions/lib/index.js\"}"}}
[debug] [2020-11-09T13:16:43.407Z] [runtime-status] [14821] Outgoing network have been stubbed. [{"name":"http","status":"mocked"},{"name":"http","status":"mocked"},{"name":"https","status":"mocked"},{"name":"https","status":"mocked"},{"name":"net","status":"mocked"}] {"metadata":{"emulator":{"name":"functions"},"message":"[runtime-status] [14821] Outgoing network have been stubbed. [{\"name\":\"http\",\"status\":\"mocked\"},{\"name\":\"http\",\"status\":\"mocked\"},{\"name\":\"https\",\"status\":\"mocked\"},{\"name\":\"https\",\"status\":\"mocked\"},{\"name\":\"net\",\"status\":\"mocked\"}]"}}
[debug] [2020-11-09T13:16:43.408Z] [runtime-status] [14821] Resolved module firebase-functions {"declared":true,"installed":true,"version":"3.11.0","resolution":"/Users/ariesastra/Sites/Learning/React/amazon-clone/functions/node_modules/firebase-functions/lib/index.js"} {"metadata":{"emulator":{"name":"functions"},"message":"[runtime-status] [14821] Resolved module firebase-functions {\"declared\":true,\"installed\":true,\"version\":\"3.11.0\",\"resolution\":\"/Users/ariesastra/Sites/Learning/React/amazon-clone/functions/node_modules/firebase-functions/lib/index.js\"}"}}
[debug] [2020-11-09T13:16:43.462Z] [runtime-status] [14821] Checked functions.config() {"config":{}} {"metadata":{"emulator":{"name":"functions"},"message":"[runtime-status] [14821] Checked functions.config() {\"config\":{}}"}}
[debug] [2020-11-09T13:16:43.462Z] [runtime-status] [14821] firebase-functions has been stubbed. {"functionsResolution":{"declared":true,"installed":true,"version":"3.11.0","resolution":"/Users/ariesastra/Sites/Learning/React/amazon-clone/functions/node_modules/firebase-functions/lib/index.js"}} {"metadata":{"emulator":{"name":"functions"},"message":"[runtime-status] [14821] firebase-functions has been stubbed. {\"functionsResolution\":{\"declared\":true,\"installed\":true,\"version\":\"3.11.0\",\"resolution\":\"/Users/ariesastra/Sites/Learning/React/amazon-clone/functions/node_modules/firebase-functions/lib/index.js\"}}"}}
[debug] [2020-11-09T13:16:43.462Z] [runtime-status] [14821] Resolved module firebase-functions {"declared":true,"installed":true,"version":"3.11.0","resolution":"/Users/ariesastra/Sites/Learning/React/amazon-clone/functions/node_modules/firebase-functions/lib/index.js"} {"metadata":{"emulator":{"name":"functions"},"message":"[runtime-status] [14821] Resolved module firebase-functions {\"declared\":true,\"installed\":true,\"version\":\"3.11.0\",\"resolution\":\"/Users/ariesastra/Sites/Learning/React/amazon-clone/functions/node_modules/firebase-functions/lib/index.js\"}"}}
[debug] [2020-11-09T13:16:43.463Z] [runtime-status] [14821] Resolved module firebase-admin {"declared":true,"installed":true,"version":"9.3.0","resolution":"/Users/ariesastra/Sites/Learning/React/amazon-clone/functions/node_modules/firebase-admin/lib/index.js"} {"metadata":{"emulator":{"name":"functions"},"message":"[runtime-status] [14821] Resolved module firebase-admin {\"declared\":true,\"installed\":true,\"version\":\"9.3.0\",\"resolution\":\"/Users/ariesastra/Sites/Learning/React/amazon-clone/functions/node_modules/firebase-admin/lib/index.js\"}"}}
[debug] [2020-11-09T13:16:43.464Z] [runtime-status] [14821] Resolved module firebase-functions {"declared":true,"installed":true,"version":"3.11.0","resolution":"/Users/ariesastra/Sites/Learning/React/amazon-clone/functions/node_modules/firebase-functions/lib/index.js"} {"metadata":{"emulator":{"name":"functions"},"message":"[runtime-status] [14821] Resolved module firebase-functions {\"declared\":true,\"installed\":true,\"version\":\"3.11.0\",\"resolution\":\"/Users/ariesastra/Sites/Learning/React/amazon-clone/functions/node_modules/firebase-functions/lib/index.js\"}"}}
[debug] [2020-11-09T13:16:43.464Z] [runtime-status] [14821] firebase-admin has been stubbed. {"adminResolution":{"declared":true,"installed":true,"version":"9.3.0","resolution":"/Users/ariesastra/Sites/Learning/React/amazon-clone/functions/node_modules/firebase-admin/lib/index.js"}} {"metadata":{"emulator":{"name":"functions"},"message":"[runtime-status] [14821] firebase-admin has been stubbed. {\"adminResolution\":{\"declared\":true,\"installed\":true,\"version\":\"9.3.0\",\"resolution\":\"/Users/ariesastra/Sites/Learning/React/amazon-clone/functions/node_modules/firebase-admin/lib/index.js\"}}"}}
[debug] [2020-11-09T13:16:43.625Z] [worker-~diagnostic~-be7f9241-8ee0-4019-a666-4e56d43fc8a1]: IDLE {"metadata":{"emulator":{"name":"functions"},"message":"[worker-~diagnostic~-be7f9241-8ee0-4019-a666-4e56d43fc8a1]: IDLE"}}
